0.0 3.0 0.0 0.29759399999999997
6.981317007977779 2.9921043164791277 -0.002253016902900872 0.2975755206914722
13.962634015955558 2.9685419495530336 -0.004470455588936781 0.29752124541192815
20.943951023933337 2.9296849812062202 -0.006617299669923969 0.2974345889503318
27.925268031911116 2.8761470160879816 -0.008659647542998168 0.2973210033933641
34.906585039888895 2.8087734918561678 -0.010565247743268738 0.29718763510138724
41.887902047866675 2.7286283285608195 -0.012304008238538382 0.2970428750873154
48.869219055844454 2.6369771278921545 -0.013848471623628612 0.2968958310867996
55.85053606382223 2.5352671875997475 -0.015174248710342932 0.2967557545350116
62.83185307180001 2.4251046466825503 -0.0162604036660895 0.2966314585024168
69.81317007977779 2.308229122258438 -0.017089784619297912 0.2965307632107428
76.79448708775557 2.1864862386317876 -0.017649294510918623 0.29646000401511985
83.77580409573335 2.061798482362668 -0.01793009791488956 0.2964236328082391
90.75712110371113 1.9361348435759367 -0.017927760561592045 0.296423937924622
97.73843811168891 1.8114797229154764 -0.01764231936102991 0.2964609001675359
104.71975511966669 1.6898015951452692 -0.017078281819970068 0.29653219401677605
111.70107212764447 1.573021924241887 -0.016244554862248715 0.2966333339413305
118.68238913562224 1.4629848208515792 -0.015154304176267829 0.2967579566115018
125.66370614360002 1.3614279212621925 -0.01382474631077725 0.2968982212547997
132.6450231515778 1.2699549477507648 -0.012276876802034178 0.29704530296677456
139.62634015955558 1.1900103836164146 -0.010535138625583898 0.2971899479395961
146.60765716753338 1.12285666281438 -0.008627036208261357 0.2973230556755605
153.58897417551117 1.0695542343980644 -0.006582701095691736 0.2974362515549221
160.57029118348896 1.0309448165788067 -0.004434416133993949 0.29752241373431415
167.55160819146676 1.0076381048446585 -0.002216105679508428 0.2975761212253648
174.53292519944455 1.00000214403515 3.7200113165505866e-05 0.2975939949621484
181.51424220742234 1.0081575164101408 0.0022899184651984485 0.297574910398838
188.49555921540014 1.031975437491095 0.004506475874251773 0.29752006826174443
195.47687622337793 1.0710797897440518 0.006651869868710018 0.29743291900429836
202.45819323135572 1.1248530619896555 0.008692221744557539 0.29731894571797385
209.43951023933352 1.1924461007488398 0.010595311556428514 0.2971853191575528
216.4208272473113 1.2727915195370916 0.012331086914590283 0.2970404465851927
223.4021442552891 1.3646205543562027 0.013872137553260097 0.29689344281827285
230.3834612632669 1.4664830992122555 0.015194128176172805 0.29675355676062454
237.3647782712447 1.576770605271622 0.01627618274417625 0.2966295894975645
244.34609527922248 1.6937414820459997 0.017101214136427886 0.29652934056592295
251.32741228720027 1.81554859948705 0.01765619397939171 0.2964591172375975
258.30872929517807 1.9402684566949642 0.017932358382666713 0.2964233376905982
265.29004630315586 2.065931556627178 0.017925346332796913 0.29642425303451403
272.27136331113365 2.1905535071490583 0.017635268559635518 0.2964618056794747
279.25268031911145 2.312166357298456 0.01706670578776917 0.29653363295948126
286.23399732708924 2.4288496739216696 0.01622863640061469 0.29663521578213775
293.21531433506703 2.5387608679382536 0.015134294659471074 0.296760162952325
300.1966313430448 2.6401642913414953 0.01380096171644183 0.29690061328127676
307.1779483510226 2.731458645453145 0.01224969272141918 0.29704773018192643
314.1592653590004 2.811202267618586 0.010504984332484008 0.2971922576325091
321.1405823669782 2.8781358970309663 0.008594387880186799 0.29732510252936245
328.121899374956 2.9312025601807985 0.006548074294374435 0.29743790678955256
335.1032163829338 2.969564261912603 0.004398357663962987 0.297523573208864
342.0845333909116 2.9926152185139867 0.002179184953299029 0.29757671199021635
349.0658503988894 2.999991423868594 -7.440006681432194e-05 0.2975939798486805
356.0471674068672 2.9915763976102956 -0.0023268102081646777 0.2975742903579313
363.02848441484497 2.967503024507401 -0.0045424768354814255 0.29751888230395496
370.00980142282276 2.928151456030512 -0.006686411543810462 0.29743124174546604
376.99111843080055 2.8741431072411157 -0.008724758673259026 0.2973168826846849
383.97243543877835 2.806330843798263 -0.010625329936147508 0.29718300014781757
390.95375244675614 2.7257855140439116 -0.012358112714074642 0.29703801750206155
397.93506945473393 2.6337790388437115 -0.013895743998190569 0.29689105649018516
404.9163864627117 2.5317643262177656 -0.015213942488512943 0.296751363326039
411.8977034706895 2.421352327936809 -0.016291892028847208 0.2966277269588328
418.8790204786673 2.3042866003915083 -0.017112570322349467 0.2965279261067199
425.8603374866451 2.182415771453541 -0.017663017736863833 0.296458239850181
432.8416544946229 2.057664348114347 -0.01793454195523053 0.2964230525767635
439.8229715026007 1.9320023258888568 -0.017922855238856603 0.2964245781325119
446.8042885105785 1.8074140798932405 -0.01762814213696983 0.29646272053540684
453.7856055185563 1.6858670288491024 -0.017055056572334117 0.29653508001417944
460.7669225265341 1.569280566852322 -0.016212648349446947 0.2966371039925626
467.74823953451187 1.4594957535163888 -0.015114220245754916 0.2967623735196387
474.72955654248966 1.3582462411243004 -0.013777117942612395 0.29690300712520323
481.71087355046745 1.2671308978890374 -0.012222456113260671 0.29705015669113977
488.69219055844525 1.1875885596387628 -0.010474784993272828 0.2971945641405111
495.67350756642304 1.1208753086321452 -0.00856170269877285 0.2973271439196627
502.65482457440083 1.0680446383023785 -0.00651341941445425 0.297439554625833
509.6361415823786 1.0299308171557011 -0.004362280333465175 0.29752472381569106
516.6174585903564 1.0071357145312037 -0.002142254882591366 0.2975772929758948
523.5987755983341 1.000019296261184 0.00011159970143041396 0.29759395465985683
530.5800926063118 1.0086939403185664 0.002363691973605157 0.297573660579388
537.5614096142896 1.0330226622150844 0.0045784583182510745 0.2975176875589025
544.5427266222673 1.0726212781736135 0.006720924547108159 0.29742955720260467
551.524043630245 1.1268644719152077 0.008757258189581984 0.29731481432888307
558.5053606382228 1.1948956692579764 0.010655302753704793 0.2971806781119578
565.4866776462005 1.2756405645943911 0.012385085521102932 0.2970355878795863
572.4679946541783 1.3678240856454469 0.013919290857193931 0.2968886721434672
579.449311662156 1.4699905285950263 0.015233691562398175 0.2967491742688771
586.4306286701337 1.580526545643163 0.016307531452739856 0.29662587091816817
593.4119456781115 1.697686621973317 0.01712385312836652 0.2965265198573943
600.3932626860892 1.8196206398175203 0.017669765754074213 0.2964573718679189
607.3745796940669 1.9444030943451203 0.01793664862321766 0.2964227774716244
614.3558967020447 2.070063500016302 0.017920287290453068 0.2964249132130385
621.3372137100224 2.194617507242497 0.017620940123591413 0.29646364471963904
628.3185307180001 2.3160982379790758 0.017043334223617514 0.2965365351560488
635.2998477259779 2.4325873454184785 0.016196590777303333 0.29663899854021647
642.2811647339556 2.5422453073087636 0.015094081021199812 0.29676458827552576
649.2624817419334 2.6433404745246722 0.013753215091532687 0.29690540274551874
656.2437987499111 2.734276416174551 0.012195167094351103 0.2970525824527941
663.2251157578888 2.813617129426521 0.01044454073744721 0.2971968674240393
670.2064327658666 2.880109715956265 0.008528980804175829 0.2973291798114458
677.1877497738443 2.932704166924338 0.006478736604533708 0.2974411950354984
684.169066781822 2.970569944051144 0.0043261842972026066 0.29752586553505883
691.1503837897998 2.9931090949517523 0.002105315625744145 0.2975778641724338
698.1317007977775 2.9999656956214817 -0.00014879885749916315 0.2975939193961078
705.1130178057552 2.9910314709624988 -0.0024005636033683094 0.2975730210740087
712.094334813733 2.9664475045956262 -0.004614420168269612 0.2975164840470778
719.0756518217107 2.926602010957106 -0.006755408730608937 0.2974278654046061
726.0569688296885 2.872124204861943 -0.008789720154166208 0.2973127406860443
733.0382858376662 2.8038743653418146 -0.010685229880574817 0.2971783530898006
740.0196028456439 2.722930250663124 -0.012412005220013848 0.2970331577594394
747.0009198536217 2.630570079050631 -0.013942778029299583 0.2968862898190149
753.9822368615994 2.5282523438743074 -0.015253375313143068 0.2967469896266849
760.9635538695771 2.417592782045203 -0.01632310094879122 0.2966240214074048
767.9448708775549 2.300338859320839 -0.01713506250609755 0.29652512184206536
774.9261878855326 2.1783421754320402 -0.017676438002086847 0.2964565133056978
781.9075048935103 2.053529224791971 -0.017938678377594542 0.29642251237989853
788.8888219014881 1.9278709745157518 -0.017917642498597827 0.2964252582703457
795.8701389094658 1.803351740155318 -0.017613662550382984 0.2964645782163187
802.8514559174436 1.681937850644212 -0.017031538791885605 0.2965379983601298
809.8327729254213 1.5655465972756695 -0.01618046375303984 0.2966408993926031
816.814089933399 1.4560159570520819 -0.015073877072164173 0.29676680718199744
823.7954069413768 1.3550755685155373 -0.013729253265699815 0.296907800101132
830.7767239493545 1.2643194183907527 -0.012167825781707714 0.29705500742528124
837.7580409573322 1.185180670355644 -0.010414251694696657 0.2971991674435866
844.73935796531 1.1189090334276581 -0.00849622233670953 0.29733121016979147
851.7206749732877 1.066551027349982 -0.006444026013335149 0.29744282799041166
858.7019919812655 1.0289334566141621 -0.00429006970995764 0.2975269983473836
865.6833089892432 1.0066503540869067 -0.0020683673411555172 0.2975784255700356
872.6646259972209 1.0000536004190526 0.0001859973755079505 0.2975938740580386
879.6459430051987 1.0092473673690525 0.002437424939345971 0.2975723718527628
886.6272600131764 1.0340864727885029 0.0046503622313300765 0.2975152717891249
893.6085770211541 1.0741786732467367 0.006789863946442181 0.2974261663804895
900.5898940291319 1.1288908580908066 0.008822144427812505 0.2973106617917368
907.5712110371096 1.1973590471281843 0.010715111188427955 0.2971760251212262
914.5525280450873 1.2785020340550968 0.01243887169537383 0.2970307271833038
921.5338450530651 1.3710384601821177 0.013966205413792884 0.2968839095576915
928.5151620610428 1.4735070488395439 0.015272993656342328 0.2967448094369354
935.4964790690206 1.5842896809336364 0.016338600450238223 0.29662217845826716
942.4777960769983 1.701636947259147 0.01714619840747599 0.29652373208471355
949.459113084976 1.823695774062184 0.017683034452290716 0.29645566417824576
956.4404300929538 1.9485386856080156 0.017940631209657495 0.29642225730613464
963.4217471009315 2.0741942416578616 0.017914920874631986 0.2964256132985165
970.4030641089092 2.1986781692053046 0.017606309448551342 0.2964655210094361
977.384381116887 2.3200246968596443 0.017019670327718082 0.29653946960132677
984.3656981248647 2.4363175970634505 0.01616426734581033 0.2966428065171202
991.3470151328424 2.5457204459452556 0.015053608485283993 0.2967690302009962
998.3283321408202 2.646505622962954 0.013705232567863806 0.2969101991509246
1005.3096491487979 2.7370815923938925 0.012140432292572004 0.2970574315670089
1012.2909661567757 2.816018035859625 0.010383917994902745 0.2972014641597039
1019.2722831647534 2.8820684390084144 0.008463427436844594 0.2973332349598753
1026.2536001727312 2.9341897756808826 0.006409287789700056 0.2974444534625649
1033.234917180709 2.971558978718929 0.004253936726592189 0.2975281222332363
1040.216234188687 2.9935859373213214 0.0020314101872623454 0.2975789771590719
1047.1975511966648 2.9999228156999567 -0.00022319509594689803 0.29759381864642714
1054.1788682046426 2.9904695458824584 -0.002474275823474126 0.2975717129267859
1061.1601852126205 2.9653754079222603 -0.004686284353310358 0.29751405080583604
1068.1415022205983 2.925036672562487 -0.00682429004686148 0.2974244601593964
1075.1228192285762 2.8700903435792053 -0.008854530871483284 0.2973085776816179
1082.104136236554 2.8014040986209863 -0.010744946549131034 0.297173694246164
1089.085453244532 2.7200625873926843 -0.012465684831977525 0.29702829619286886
1096.0667702525097 2.6273503035538357 -0.013989572910215544 0.29688153140032325
1103.0480872604876 2.5247313008078187 -0.015292546507871096 0.2967426337370228
1110.0294042684654 2.4138260734924524 -0.016354029890617898 0.29662034210236526
1117.0107212764433 2.296385966759123 -0.017157260784750283 0.29652235060917564
1123.9920382844211 2.174265520438678 -0.017689555076399736 0.2964548245001261
1130.973355292399 2.049393183322265 -0.0179425071110326 0.2964220122547066
1137.9546723003768 1.9237408603186499 -0.017912122430226027 0.2964259782914605
1144.9359893083547 1.7992927733800306 -0.01759888084962708 0.2964664730828192
1151.9173063163325 1.6780141279248981 -0.017007728882007734 0.2965409488544038
1158.8986233243104 1.5618200795579598 -0.016148001625066112 0.2966447198810552
1165.8799403322882 1.4525454911450442 -0.015033275347472378 0.29677125729439086
1172.861257340266 1.3519159578201156 -0.013681153101027091 0.29691259985374646
1179.842574348244 1.2615205574791475 -0.012112986744409176 0.29705985483639685
1186.8238913562218 1.1827867570678094 -0.010353539768138503 0.2972037575329965
1193.8052083641996 1.1169578709269883 -0.00843059624520785 0.2973352541469673
1200.7865253721775 1.0650734271596831 -0.006374522082588365 0.2974460714240775
1207.7678423801553 1.0279527520611802 -0.004217785502047017 0.29752923717333946
1214.7491593881332 1.0061820318367973 -0.001994444322539493 0.29757951893008183
1221.730476396111 1.0001050559203608 0.000260391859309576 0.2975937531622243
1228.711793404089 1.009817788069071 0.002511116097733605 0.2975710443073812
1235.6931104120667 1.0351668509645897 0.004722186380173889 0.2975128211181549
1242.6744274200446 1.075751948250569 0.006858686884245317 0.2974227467705934
1249.6557444280224 1.1309321857593415 0.008886879346303224 0.29730648839143564
1256.6370614360003 1.1998361921069554 0.010774735834747954 0.2971713605045945
1263.6183784439781 1.2813758788385285 0.012492444514848334 0.29702586482983206
1270.599695451956 1.374263622832414 0.014012880418366111 0.2968791553877013
1277.5810124599338 1.4770325996295248 0.015312033783885386 0.29674046256426556
1284.5623294679117 1.5880599465967529 0.016369389203767726 0.2966185123711971
1291.5436464758895 1.7055923901464676 0.017168249590484193 0.29652097743914735
1298.5249634838674 1.8277739323232625 0.017695999846453033 0.2964539942857416
1305.5062804918452 1.9526751595488971 0.017944306073675868 0.2964217772298178
1312.487597499823 2.078323710700287 0.017909247177379874 0.29642635324291705
1319.468914507801 2.2027354233879373 0.01759137678546454 0.2964674344201374
1326.4502315157788 2.323945666592505 0.0169957145059603 0.296542436093988
1333.4315485237566 2.440040364874328 0.01613166666055573 0.29664663945158976
1340.4128655317345 2.549186224241237 0.015012877745919244 0.2967734884239822
1347.3941825397123 2.6496596823668823 0.0136570149684441 0.2969150021684201
1354.3754995476902 2.7398741259960486 0.012085489254907648 0.29706227719188033
1361.356816555668 2.8184049457369214 0.010323117144667885 0.29720604752412805
1368.338133563646 2.8840120325908827 0.008397728902581739 0.2973372676964337
1375.3194505716237 2.935659360968882 0.006339729041077854 0.29744768184719717
1382.3007675796016 2.9725313489517773 0.0041816161913411 0.297530343148569
1389.2820845875794 2.9940457374437717 0.0019574699054991738 0.2975800508737722
1396.2634015955573 2.9998627848395096 -0.00029758750609366023 0.2975936776065527
1403.2447186035351 2.9898906320084655 -0.0025479456041507323 0.29757036600601583
1410.226035611513 2.9642867528761903 -0.004758068157970259 0.29751158274717276
1417.2073526194908 2.9234554676957547 -0.006893054311097638 0.2974210262434681
1424.1886696274687 2.8680415582782293 -0.00891918971355979 0.2973043939570255
1431.1699866354465 2.7989200860064436 -0.010804478917540163 0.297169023936546
1438.1513036434244 2.717182573419508 -0.012519150629238862 0.2970234331358965
1445.1326206514022 2.624119767579762 -0.014036127838300359 0.29687678156057973
1452.11393765938 2.5212012574121547 -0.015331455400822397 0.2967382959559044
1459.095254667358 2.4100522668861335 -0.016384678323825903 0.29661668929614676
1466.0765716753358 2.2924279905074134 -0.017179164777556953 0.29651961259818155
1473.0578886833136 2.170185876397311 -0.017702368734814983 0.2964531735493324
1480.0392056912915 2.045256294647698 -0.017946028089873237 0.2964215522354999
1487.0205226992693 1.9196120541383535 -0.017906295128422834 0.29642673814645554
1494.0018397072472 1.795237249187842 -0.017583797288241693 0.2964684050049023
1500.983156715225 1.674095927991883 -0.01698362725109429 0.2965439312945705
1507.964473723203 1.5581010776174034 -0.01611526252232467 0.2966485651957991
1514.9457907311808 1.4490844153216187 -0.014992415768090947 0.29677572355150145
1521.9271077391586 1.3487674632325082 -0.013632818273620853 0.2969174060537406
1528.9084247471365 1.2587343631610197 -0.012057939941978603 0.297064698591911
1535.8897417551143 1.1804068608362885 -0.01029265025494525 0.29720833409381997
1542.8710587630922 1.1150218545969877 -0.008364825549903745 0.2973392755737374
1549.85237577107 1.0636118630756686 -0.006304908814363544 0.29744928470430176
1556.8336927790479 1.0269887203180572 -0.004145428949570995 0.2975314401399554
1563.8150097870257 1.0057307558136617 -0.0019204870946902951 0.29758057298101936
1570.7963267950036 1.000173661882531 0.00033478187680159414 0.29759359198070817
1577.7776438029814 1.0104051926346171 0.002584764184797985 0.297569678034324
1584.7589608109593 1.036263778212415 0.004793929532835874 0.2975103357141302
1591.740277818937 1.0773410761998854 0.00692739218004849 0.29741929860753147
1598.721594826915 1.1329884199074247 0.008951461834703847 0.29730229441431155
1605.7029118348928 1.2023270617056492 0.010834175669967222 0.2971666845820962
1612.6842288428707 1.284262049651747 0.0125458030606314 0.2970210011527713
1619.6655458508485 1.3774995182775005 0.0140593150703317 0.2968744099596746
1626.6468628588264 1.4805671204937971 0.015350811275400854 0.2967361339491013
1633.6281798668042 1.5918372779639267 0.016399897185231598 0.296614872908484
1640.609496874782 1.7095528827904858 0.017190006299163466 0.2965182561096884
1647.59081388276 1.831855044651117 0.01770866171417533 0.29645236230497557
1654.5721308907378 1.9568124452178801 0.017947673152240554 0.2964213372756113
1661.5534478987156 2.0824518363138433 0.017903266296013475 0.29642713299547324
1668.5347649066935 2.206789200199309 0.017576142390459945 0.2964693848204659
1675.5160819146713 2.327861079924158 0.016971467169240688 0.2965454344305049
1682.4973989226492 2.443755584997222 0.016098789280715023 0.2966504970806522
1689.478715930627 2.552642582750771 0.014971889501729875 0.29677796263861095
1696.4600329386049 2.652802598637204 0.01360856312031446 0.2969198114684761
1703.4413499465827 2.742653969082752 0.012030338923755405 0.2970671189949561
1710.4226669545606 2.820777818117506 0.010262139229614737 0.2972106172028527
1717.4039839625384 2.885940463366643 0.00833188632826573 0.29734127774443947
1724.3853009705163 2.937112897581624 0.0062700615517569825 0.2974508799678994
1731.366617978494 2.9734870380713403 0.004109223931910106 0.2975325281286828
1738.347934986472 2.9944884874324904 0.0018834960486977144 0.297581085242868
1745.3292519944498 2.9997856040698045 -0.0003719748119413392 0.2975934962861602
1752.3105690024277 2.9892947392702 -0.002621571681794743 0.2975689804041073
1759.2918860104055 2.963181558130312 -0.004829770350994682 0.2975090800404179
1766.2732030183834 2.921858423478148 -0.006961700343854725 0.29741756389241736
1773.2545200263612 2.865977884100316 -0.008983695571350316 0.29730018979930684
1780.235837034339 2.7964223701046227 -0.010863825964687414 0.29716434248137097
1787.217154042317 2.7142902581423507 -0.012572401694738493 0.297018568922171
1794.1984710502948 2.62087852653941 -0.014082442015031699 0.29687204062566536
1801.1797880582726 2.5176622742355477 -0.015370101324621448 0.2967339765809406
1808.1611050662505 2.406271426955567 -0.01641504572272529 0.29661306323936454
1815.1424220742283 2.288464998453958 -0.01720077410881455 0.29651690799693536
1822.1237390822062 2.166103313283066 -0.017714878757549374 0.296451560566587
1829.105056090184 2.041118629725271 -0.017949241253723724 0.29642113235384054
1836.0863730981619 1.9154846267932304 -0.01790016069313969 0.29642753778319914
1843.0676901061397 1.791185237140168 -0.017568412124944068 0.2964703738500229
1850.0490071141176 1.6701833180511603 -0.01695923431254281 0.2965469454760098
1857.0303241220954 1.554389655243297 -0.016082247006365236 0.2966524350730136
1864.0116411300733 1.4456327889470855 -0.01495129903485414 0.29678020564690594
1870.992958138051 1.345630138756519 -0.013584249612532774 0.29692221837136845
1877.974275146029 1.2559608832259042 -0.01200268631859322 0.29706953835950073
1884.9555921540068 1.1780410224816849 -0.010231584199509827 0.29721289681206575
1891.9369091619847 1.1131010176447147 -0.008298911378913455 0.29734327417419787
1898.9182261699625 1.0621663601670672 -0.006235187402685746 0.2974524676106268
1905.8995431779404 1.0260413779201172 -0.004073001293608162 0.29753360709608945
1912.8808601859182 1.005296533757903 -0.0018464969261417089 0.29758158765053183
1919.862177193896 1.0002594171288137 0.00040916615202690157 0.2975933905245498
1926.843494201874 1.0110095709903715 0.0026583679373077965 0.29756827312733075
1933.8248112098518 1.0373772357171933 0.004865590458758657 0.29750781574757224
1940.8061282178296 1.078946029837544 0.006995978655400447 0.2974158221278791
1947.7874452258075 1.1350595252659865 0.009015890785278594 0.2972980801481094
1954.7687622337853 1.2048316132002153 0.010893429674558119 0.2971619976745417
1961.7500792417632 1.2871604969903916 0.01259894641750326 0.29701613648581304
1968.731396249741 1.3807460910144476 0.014105508573230327 0.29686967359919003
1975.7127132577189 1.48411055080733 0.015389325465767033 0.29673182388842456
1982.6940302656967 1.5956216102453775 0.01643012387134894 0.2966112603198273
1989.6753472736746 1.71351835725979 0.017211468160337036 0.2965155682830444
1996.6566642816524 1.8359390410454355 0.01772101983827794 0.29645076834791656
2003.6379812896303 1.960950471651153 0.017950732387598554 0.2964209374737005
2010.619298297608 2.0865785476918344 0.017896978333118457 0.29642795250268805
2017.600615305586 2.2108394301079723 0.01756060652484193 0.2964713720766077
2024.5819323135638 2.331770869696403 0.016946928733455963 0.2965484644051658
2031.5632493215417 2.447463193707699 0.016065635770209696 0.2966543791396409
2038.5445663295195 2.5560894621894854 0.014930644455757057 0.2967824525379122
2045.5258833374974 2.6559343178657913 0.013559877854533763 0.29692462672113273
2052.507200345475 2.745421073973401 0.011974982245068296 0.29707195664404595
2059.488517353453 2.823136612301245 0.010200985295652575 0.29721517288235744
2066.469834361431 2.8878536982587417 0.008265900843245761 0.29734526482876794
2073.4511513694088 2.938550360587664 0.006200286516692584 0.2974540476052517
2080.4324683773866 2.9744260296853846 0.00403676118999033 0.29753467702366804
2087.4137853853645 2.9949141796933128 0.0018094898856770665 0.29758208019539256
2094.3951023933423 2.999691274714667 -0.0004463557375792486 0.2975932746976903
2101.37641940132 2.9886818778885718 -0.0026951527935522605 0.2975675562161254
2108.357736409298 2.962059842641217 -0.004901389702528705 0.29750654285727907
2115.339053417276 2.92024556730259 -0.007030226967697889 0.29741407334379166
2122.3203704252537 2.8638993564421495 -0.00904804733843338 0.2972959654969039
2129.3016874332316 2.7939109937570037 -0.010922986672636584 0.29715965020182694
2136.2830044412094 2.711385691170965 -0.012625437115100096 0.29701370388541937
2143.2643214491873 2.6176266360273996 -0.014128514646016593 0.296867308920849
2150.245638457165 2.514114411979567 -0.015408483616403169 0.29672967590847715
2157.226955465143 2.402483618550715 -0.01644513156644641 0.2966094641807969
2164.208272473121 2.2844970585730384 -0.017222088407874106 0.29651423699099533
2171.1895894810987 2.1620179011211382 -0.01772708493002768 0.29644998566255376
2178.1709064890765 2.036980259525301 -0.017952146547471 0.29642075263853523
2185.1522234970544 1.9113586490780008 -0.01789371922959601 0.29642837714682824
2192.133540505032 1.7871368067381859 -0.01755272562362454 0.2964723794830996
2199.11485751301 1.6662763652128463 -0.016934550484747367 0.29654999119192105
2206.096174520988 1.5506858760949358 -0.016048955643478587 0.29665632924718977
2213.0774915289658 1.4421906712246504 -0.014909925853006952 0.2967847032730917
2220.0588085369436 1.3425040382043658 -0.013535447950825282 0.296927036476461
2227.0401255449215 1.2532001652452613 -0.011947226821977693 0.2970743738071139
2234.0214425528993 1.1756892825834835 -0.010170342649253272 0.2972174453746896
2241.002759560877 1.1111953930168739 -0.008232854862814179 0.29734724967400755
2247.984076568855 1.060736943227529 -0.006165359043434973 0.2974556199246751
2254.965393576833 1.0251107411164297 -0.004000503776456743 0.2975357378930677
2261.9467105848107 1.0048793731174155 -0.0017724750859925975 0.2975825628690025
2268.9280275927886 1.0003623201883156 0.00048354340912680634 0.297593148807569
2275.9093446007664 1.0116309127698804 0.002731926092792072 0.2975668296827885
2282.8906616087443 1.0385072043806107 0.004937167928795138 0.29750526139137096
2289.871978616722 1.0805667816349602 0.007064445133887868 0.29741231757015124
2296.8532956247 1.137145466310885 0.009080165092925105 0.2972938458819626
2303.834612632678 1.2073498036319286 0.01095249683218032 0.2971573001034922
2310.8159296406557 1.2900711711395314 0.012651873673935027 0.297011271162715
2317.7972466486335 1.3840032853571862 0.014151460134738834 0.2968649466312022
2324.7785636566114 1.487662829792275 0.015427575694378358 0.2967275326779418
2331.759880664589 1.5994128785312427 0.016460068743663646 0.29660767485308137
2338.741197672567 1.7174887455375198 0.017232634805885386 0.2965129141436227
2345.722514680545 1.8400258514564378 0.017733074006791038 0.2964492125239229
2352.7038316885228 1.9650891678721978 0.017953483727277026 0.2964205778515143
2359.6851486965006 2.0907037740518204 0.017890383396547586 0.296428811708335
2366.6664657044785 2.2148860436433195 0.01754476945508572 0.2964733960522186
2373.6477827124563 2.3356749688474983 0.0169220996194958 0.29655152581008715
2380.629099720434 2.45116312741188 0.01603220669769745 0.2966582853622115
2387.610416728412 2.559526803435599 0.014889143315446631 0.29678695781383885
2394.59173373639 2.659054786336572 0.013510960006164452 0.2969294475960205
2401.5730507443677 2.7481753932058854 0.011919420168338593 0.2970767898072443
2408.5543677523456 2.825481287829483 0.01013965639170972 0.29721971425008287
2415.5356847603234 2.8897517044508727 0.008199773579322183 0.2973492286758706
2422.5170017683013 2.9399717253312607 0.006130405132684365 0.2974571845419273
2429.498318776279 2.9753483076880802 0.00396422920848173 0.297536789686092
2436.479635784257 2.9953228069246522 0.0017354526858103538 0.2975830356630826
2443.460952792235 2.9995797983920576 -0.0005207290072062362 0.2975930128563453
2450.4422698002127 2.98805205837554 -0.002768687677340749 0.29756609353978164
2457.4235868081905 2.960921625648863 -0.004972924984138418 0.2975039713718288
2464.4049038161684 2.918616926833214 -0.007098633007240494 0.2974105548370733
2471.386220824146 2.8618060109551817 -0.009112243911030589 0.2972917213396411
2478.367537832124 2.791386000039374 -0.010981960026647692 0.2971549474198461
2485.348854840102 2.7084689223252463 -0.012678255980646229 0.297008838359426
2492.3301718480798 2.614364151821011 -0.014174344941005182 0.2968625867707676
2499.3114888560576 2.5105577314980794 -0.01544660161782442 0.29672539423357863
2506.2928058640355 2.3986889066410613 -0.01647493533894898 0.2966058923673711
2513.2741228720133 2.2805242389238023 -0.01724310730914718 0.2965115997636163
2520.255439879991 2.157929709985591 -0.017738987042886442 0.2964484489452855
2527.236756887969 2.032841255030201 -0.017954743921282722 0.29642041311563627
2534.218073895947 1.9072341917625175 -0.017886970848277485 0.2964292561797554
2541.1993909039247 1.7830920274216362 -0.017536738053342105 0.29647442176652883
2548.1807079119026 1.6623751364900208 -0.01690957619109146 0.2965530682333421
2555.1620249198804 1.5469898037005103 -0.016015389004686936 0.29666024745115405
2562.1433419278583 1.4387581211944183 -0.014868296932193074 0.29678921612148335
2569.124658935836 1.3393892151957438 -0.0134864141255573 0.2969318600384552
2576.105975943814 1.2504522565716485 -0.011891562403387875 0.29707920460299764
2583.087292951792 1.1733516814793419 -0.010108926654606736 0.29722197946962176
2590.0686099597697 1.1093050133992366 -0.008166657134624621 0.29735120180041374
2597.0499269677475 1.059323636774786 -0.006095424934325563 0.29745874143017187
2604.0312439757254 1.0241968258695187 -0.0039279376416131665 0.2975378323847002
2611.012560983703 1.0044792810474457 -0.0016984228438849695 0.29758349856952376
2617.993877991681 1.0004823692960143 0.0005579123723631 0.29759286684635083
2624.975194999659 1.0122692073157251 0.0028054373895620532 0.2975653477997312
2631.956512007637 1.0396536648211472 0.005008660715229797 0.2975026728207785
2638.9378290156146 1.0822033037925731 0.007132790441155777 0.29740878517479225
2645.9191460235925 1.1392462072635114 0.009144283655193616 0.29728959190637994
2652.9004630315703 1.2098815898081259 0.011011376129698464 0.29715259219124285
2659.881780039548 1.2929940221745204 0.012704583922104532 0.29700640551728086
2666.863097047526 1.3872710454374648 0.014197168966683993 0.2968602293800225
2673.844414055504 1.491223896519011 0.015465561305156876 0.29672326061206766
2680.8257310634817 1.6032110177926941 0.016489731288553418 0.29660411675424053
2687.8070480714596 1.7214639795225335 0.017253505872752664 0.2965102938735208
2694.7883650794374 1.8441154057860796 0.01774482401295837 0.2964476949397381
2701.7696820874153 1.969228462893011 0.017955927124084278 0.2964202584337261
2708.750999095393 2.0948274446368376 0.017883481599418945 0.29642971055346534
2715.732316103371 2.2189289713967733 0.017528631452832896 0.2964754566084366
2722.713633111349 2.3395733104133107 0.016896980253235685 0.2965546184352298
2729.6949501193267 2.4548553226475316 0.01599850263656251 0.2966622154803635
2736.6762671273045 2.5629545475309334 0.014847386792637047 0.29679147815728996
2743.6575841352824 2.662163950526455 0.013461810414258295 0.2969342737623861
2750.6389011432602 2.7509168795374013 0.011863653646581606 0.29708161815295453
2757.620218151238 2.8278118044857306 0.01007815356971561 0.2972242409944519
2764.601535159216 2.8916344493879365 0.008133505670727159 0.29735316901379294
2771.582852167194 2.941376967432793 0.006060418598356142 0.2974602905627045
2778.5641691751716 2.9762538562602736 0.003891629231471866 0.2975388659710077
2785.5454861831495 2.995714362117629 0.0016613857190030331 0.2975839515803857
2792.5268031911273 2.999451177014048 -0.0005950933451524902 0.2975927107800899
2799.508120199105 2.987405291533934 -0.0028421750718706108 0.2975645924754284
2806.489437207083 2.9597669266762465 -0.005044374968831924 0.2975013657604938
2813.470754215061 2.916972530004887 -0.007166917289164222 0.2974070086136625
2820.4520712230387 2.8596978835450226 -0.0091762841880255 0.2972874576187044
2827.4333882310166 2.7888474322610874 -0.011040745015194305 0.2971502344580802
2834.4147052389944 2.705540001634379 -0.01273085738541386 0.2970039726780087
2841.3960222469723 2.6110911298792288 -0.014219932113904234 0.29685787449940193
2848.37733925495 2.506992293796201 -0.015484454675075249 0.29672113185000554
2855.358656262928 2.3948873563145012 -0.016504456529030886 0.29660234804414537
2862.339973270906 2.2765466076490943 -0.01726383045211207 0.2965089964957355
2869.3212902788837 2.153838809998151 -0.0177505848919775 0.29644695052021436
2876.3026072868615 2.028701687233262 -0.017957033330608052 0.2964201138084378
2883.2839242948394 1.9031113255905554 -0.017879915664934125 0.29643017482167167
2890.2652413028172 1.7790509685676361 -0.017520449688319777 0.29647650056019237
2897.246558310795 1.6584796987975834 -0.016884311859940743 0.29655617638916104
2904.227875318773 1.5433015014560254 -0.015981547665734095 0.2966641894160834
2911.209192326751 1.4353351977323894 -0.014826412986442696 0.2967937438824598
2918.1905093347286 1.3362857231569154 -0.013437148977769884 0.29693668872641255
2925.1718263427065 1.247717204337917 -0.011835694017594498 0.2970840304157171
2932.1531433506843 1.1710282592644088 -0.010047337268993492 0.2972264987857834
2939.134460358662 1.1074299112160906 -0.008100319329785607 0.297355130282266
2946.11577736664 1.057926465050242 -0.006025386274885734 0.2974618319129542
2953.097094374618 1.0232996478550993 -0.0038553041337508467 0.2975398904272862
2960.0784113825957 1.0040962644104783 -0.0016243414699823428 0.2975843946878984
2967.0597283905736 1.0006195623927965 0.0006322717661397799 0.29759254466024
2974.0410453985514 1.01292444367971 0.0028789005667326567 0.29756382757982885
2981.0223624065293 1.0408165973744117 0.00508006759179957 0.29750005021339365
2988.003679414507 1.0838555682403241 0.007201013404927503 0.2974052251841555
2994.984996422485 1.1413617120914046 0.009208245372305699 0.29728531851322143
3001.966313430463 1.2124269283029452 0.011070066557199365 0.2971478742607977
3008.9476304384407 1.2959289999618486 0.012757076257911748 0.29700153988333716
3015.9289474464185 1.3905493152058028 0.014242634285055915 0.29685552216929634
3022.9102644543964 1.4947936899071852 0.015503281646563422 0.296719007983904
3029.8915814623742 1.607015962883049 0.016519110997238497 0.296600586267422
3036.872898470352 1.725443991030573 0.017274081002952853 0.29650770765251244
3043.85421547833 1.8482076338892501 0.017756269655240745 0.29644621569948176
3050.835532486308 1.973368285715317 0.017958062536110528 0.29641997924225094
3057.8168494942856 2.0989494887166043 0.017876273060113978 0.2964306489764104
3064.7981665022635 2.2229681440229747 0.017512192794886708 0.2964775536038892
3071.7794835102413 2.3434658275284614 0.016871571065529584 0.2965577420684127
3078.760800518219 2.4585397160851494 0.015964524164905795 0.296666169224456
3085.742117526197 2.5663726356819194 0.014805375603547168 0.29679601325813004
3092.723434534175 2.6652617571062356 0.01341242992184203 0.2969391048891116
3099.7047515421527 2.7536454859452513 0.011807683636319401 0.29708644134990914
3106.6860685501306 2.830128122296351 0.010016477884582846 0.29722875280488936
3113.6673855581084 2.8935019007765943 0.00806709825410532 0.2973570855721925
3120.6487025660863 2.9427660627891776 0.005990328114135397 0.29746336545448293
3127.630019574064 2.977142659869756 0.003818962504214677 0.2975409057359633
3134.611336582042 2.996088838556184 0.0015872902556712417 0.29758482788446083
3141.59265359002 2.9993054127867858 -0.0006694474759012833 0.29759236848964926
3148.5739705979977 2.986741588457269 -0.0029156137166666814 0.29756305312605164
3155.5552876059755 2.9585957655290693 -0.00511573843108025 0.297498726202042
3162.5366046139534 2.915312405022737 -0.00723507864223907 0.29740343491686094
3169.5179216219312 2.857575010370828 -0.009240167070982401 0.29728317462662174
3176.499238629909 2.7862953339643255 -0.011099340629980803 0.2971455116398787
3183.480555637887 2.702598979335981 -0.012783240427169825 0.2969991071749949
3190.461872645865 2.607807626341786 -0.014265275382790535 0.29685317243005427
3197.4431896538426 2.5034181600292564 -0.015522042138890028 0.29671688905019344
3204.4245066618205 2.3910790327762244 -0.016533694630336875 0.2965988314542897
3211.4058236697983 2.2725642329742928 -0.017284257481319943 0.2965064273659587
3218.387140677776 2.149745271327012 -0.01776187827837146 0.29644549049014457
3225.368457685754 2.0245616271374414 -0.017959014736178412 0.29641985473747423
3232.349774693732 1.8989901212786007 -0.017872553800578266 0.2964311330095492
3239.3310917017097 1.7750136994894916 -0.017503860807939853 0.2964786157214658
3246.3124087096876 1.6545901189511085 -0.016858757924635644 0.29655931544613007
3253.2937257176654 1.5396210326242137 -0.015947432207075587 0.29666815487152326
3260.2750427256433 1.4319219595494497 -0.014784274734160253 0.29679828624537596
3267.256359733621 1.3331936153197954 -0.013387653352471798 0.29694152220904135
3274.237676741599 1.2449950554564053 -0.01177962262286681 0.2970888509141779
3281.218993749577 1.1687190557906355 -0.009985575548810889 0.2972310030131087
3288.2003107575547 1.1055701186296842 -0.00803384258614062 0.29735903485003484
3295.1816277655325 1.0565454520185562 -0.005955244266437003 0.2974648911609869
3302.1629447735104 1.0224192224618067 -0.0037826044986988315 0.29754191187962475
3309.1442617814882 1.0037303297761173 -0.0015502322349479505 0.29758525116264367
3316.125578789466 1.0007738971254916 0.0007066203150249387 0.2975921822713405
3323.106895797444 1.0135966106230498 0.0029523143642441155 0.29756226912738104
3330.088212805422 1.0419959820934808 0.005151387333714896 0.2974973937491489
3337.0695298133996 1.08552354663814 0.007269112855024789 0.2974016378424864
3344.0508468213775 1.1434919445088698 0.009272049147173118 0.29728102599567835
3351.0321638293553 1.2149857754580713 0.011128567108009338 0.2971431466358474
3358.013480837333 1.2988760541600053 0.012809349780994291 0.296996674594708
3364.994797845311 1.3938380384324551 0.014287855310021465 0.29685082532197854
3371.976114853289 1.4983721487267623 0.015540736071608744 0.2967147750852174
3378.9574318612667 1.610827648538887 0.016548207365790362 0.2965970836348472
3385.9387488692446 1.7294287117954332 0.017294359843575875 0.2965051556580339
3392.9200658772224 1.8523024655749754 0.017767410737319463 0.2964447749046416
3399.9013828852003 1.9775085653317839 0.0179598899267286 0.29641974029624285
3406.882699893178 2.1030698355887334 0.017868757902275427 0.29643162691278546
3413.864016901156 2.227003492240969 0.01749545376320734 0.2964796868947037
3420.845333909134 2.34735245342747 0.016845872492202565 0.2965608964953264
3427.8266509171117 2.462216244529047 0.015930271865534983 0.296670146323227
3434.8079679250895 2.5697810092606086 0.014763110468763954 0.2968005628052108
3441.7892849330674 2.6683481529415203 0.013362819375902843 0.29694394064473906
3448.7706019410452 2.7563611656276596 0.011751511097564308 0.2970912590671939
3455.751918949023 2.832430201531251 0.009954630394188995 0.2972332493718449
3462.733235957001 2.8953540265858284 0.008000552468494132 0.2973609780823587
3469.714552964979 2.9441389875742847 0.005920134882232538 0.29746640900629734
3476.6958699729566 2.978014703271534 0.003746230273108972 0.29754290884101303
3483.6771869809345 2.9964462298171988 0.0015131675667198453 0.2975856645151864
3490.6585039889123 2.9991425082104572 -0.0007437901241110192 0.2975919860085074
3497.63982099689 2.9860609605295547 -0.002989002352090022 0.2975614755972645
3504.621138004868 2.957408162295394 -0.005187014146838532 0.29749605287756964
3511.602455012846 2.913636580361664 -0.00730311589734359 0.2973998339918558
3518.5837720208237 2.8554374278446786 -0.009303891464165291 0.29727887265724495
3525.5650890288016 2.7837297489233515 -0.0111577458659598 0.2971407792892694
3532.5464060367794 2.699645905875241 -0.012835404207426427 0.29699424218420145
3539.5277230447573 2.6045136975282 -0.014310373969924423 0.2968484808853283
3546.509040052735 2.499835391501729 -0.015559363364558708 0.2967126661252363
3553.490357060713 2.3872640013476 -0.016562649141367364 0.29659534283907435
3560.471674068691 2.268577183206136 -0.017304388046401047 0.29650389255055176
3567.4529910766687 2.145649164185626 -0.017772867008361226 0.2964440689552481
3574.4343080846465 2.0204211457541374 -0.01796068810400825 0.2964196359205211
3581.4156250926244 1.8948706495146324 -0.01786488538148257 0.2964321306776489
3588.3969421006022 1.7709802894355018 -0.017486971696739198 0.2964807671052314
3595.37825910858 1.6507064636656894 -0.016832914823484008 0.2965624851888838
3602.359576116558 1.5359484603334412 -0.01591304321386875 0.29667214354541005
3609.340893124536 1.4285184651903546 -0.014741882898112143 0.29680284289858716
3616.3222101325136 1.3301129447210271 -0.013337928098625022 0.29694636015472375
3623.3035271404915 1.2422858566181236 -0.011723349180956109 0.29709366576765284
3630.2848441484693 1.1664241106660846 -0.009923642553412177 0.29723549184256914
3637.266161156447 1.1037256675396667 -0.007967228043916233 0.2973629152358337
3644.247478164425 1.0551806213672248 -0.005885000112073524 0.29746791896437985
3651.228795172403 1.0215555647909265 -0.00370983998342035 0.29754389660302794
3658.2101121803807 1.0033814834209676 -0.0014760964099228436 0.2975860679349992
3665.1914291883586 1.0009453708469078 0.0007809567437727562 0.29759177970451633
3672.1727461963364 1.014285696616559 0.0030256775228837147 0.29756067254931234
3679.1540632043143 1.043191798749236 0.005222618717680858 0.2974947036103025
3686.135380212292 1.0872072103764159 0.007337087623388016 0.2973980233959093
3693.11669722027 1.1456368679776 0.009335693885416808 0.2972767146482562
3700.098014228248 1.2175580873834848 0.01118687677871161 0.29713840964074956
3707.0793312362257 1.301835134220342 0.012861403594743 0.296991809985196
3714.0606482442035 1.3971371587083765 0.014332831265937785 0.2968461391603152
3721.0419652521814 1.5019592115990763 0.015577923937864746 0.2967105622064229
3728.0232822601592 1.614646009381175 0.016577019895140502 0.29659360909682897
3735.004599268137 1.7334180734701368 0.01731434204679378 0.2965026380651763
3741.985916276115 1.8563998306076273 0.017778247068099818 0.2964433726540709
3748.967233284093 1.9816492307272495 0.017961409264594663 0.2964195416120974
3755.9485502920706 2.107188414579956 0.017860936254805296 0.29643264429549715
3762.9298673000485 2.2310349468354076 0.017478414644907087 0.2964818563345191
3769.9111843080263 2.3512331214459112 0.01681988497404334 0.29656408149955127
3776.892501316004 2.4658848449184445 0.015895746325954543 0.29667414650381424
3783.873818323982 2.5731796098056843 0.014720592113230128 0.296805126486395
3790.85513533196 2.6714230850936387 0.013312979627373878 0.29694878069749453
3797.8364523399378 2.759063872004578 0.011695136993802492 0.29709607097427315
3804.8177693479156 2.8347180027045655 0.00989261215935848 0.29723773038681667
3811.7990863558935 2.8971907950474924 0.007933869455304408 0.29736484627723264
3818.7804033638713 2.9454957182393495 0.005849840106620335 0.29746942100933466
3825.761720371849 2.978869971508091 0.0036734337856770983 0.2975448751487268
3832.743037379827 2.9967865297706053 0.0014390189235206872 0.29758646141516226
3839.724354387805 2.9989624660792447 -0.0008181200146370558 0.2975915633629059
3846.7056713957827 2.9853634194250995 -0.003062339719359467 0.2975598599972987
3853.6869884037606 2.956204137345304 -0.005258200893566958 0.2974933459704904
3860.6683054117384 2.9119450847658537 -0.007371027887484901 0.29739620608570216
3867.6496224197163 2.8532851726309505 -0.009367456274556632 0.2972745520057263
3874.630939427694 2.781150721143753 -0.011215959721349342 0.2971360377309325
3881.612256435672 2.6966808319040507 -0.012887347831456796 0.29698937803940917
3888.59357344365 2.6012093999368036 -0.014355227101763079 0.29684380018710527
3895.5748904516277 2.4962440496662066 -0.015596417711937816 0.296708463364864
3902.5562074596055 2.3834423274650485 -0.016591319565486966 0.2965918824378484
3909.5375244675834 2.264585526731549 -0.017324221802070626 0.29650139222342475
3916.518841475561 2.141550558831498 -0.017783550893465186 0.29644268601305374
3923.500158483539 2.016280314101975 -0.017962053405395487 0.29641945737259034
3930.481475491517 1.8907529809569128 -0.01785691053917776 0.2964331677575214
3937.4627924994948 1.7669508075877765 -0.017469782644404273 0.2964829545638852
3944.4441095074726 1.6468287995548037 -0.016806782999753488 0.2965656853999494
3951.4254265154505 1.5322838475766347 -0.015878381275962635 0.29667615516408535
3958.4067435234283 1.425124773032736 -0.014699238205414284 0.2968074135294667
3965.388060531406 1.3270437642010837 -0.013287974069130194 0.2969512022315341
3972.369377539384 1.2395896542919633 -0.011666874657079277 0.29709847464580086
3979.350694547362 1.1641434632542589 -0.00986153934508839 0.2972399649661919
3986.3320115553397 1.101896589582548 -0.0079004768457026 0.2973667711734343
3993.3133285633176 1.0538319965061824 -0.005814655016641512 0.29747091511539897
4000.2946455712954 1.0207086896561428 -0.0036370118359915146 0.2975458444613258
4007.2759625792733 1.0030497313285345 -0.0014019352665042043 0.2975868449489267
4014.257279587251 1.0011339806158834 0.0008552797773452405 0.29759133698738693
4021.238596595229 1.014991689840854 0.0030989887843072446 0.2975590379551615
4028.219913603207 1.0444040268307164 0.005293760521918002 0.2974919799814208
4035.2012306111847 1.0889065305765089 0.007404936544096052 0.2973943820924062
4042.1825476191625 1.1477964457073044 0.00939917849538545 0.2972723847667503
4049.1638646271404 1.2201438199582155 0.011244994569163341 0.2971336636005027
4056.145181635118 1.30480618938794 0.012913236806317143 0.29698694638855505
4063.126498643096 1.4004466194461886 0.014377561381365419 0.29684146400581723
4070.107815651074 1.5055548169978816 0.015614844607475335 0.29670636963655994
4077.0891326590518 1.618470979916384 0.016605548091088794 0.29659016289174944
4084.0704496670296 1.7374120076281039 0.017334027269866523 0.29650015504666694
4091.0517666750075 1.8604996587081235 0.017788778461714172 0.2964420090439748
4098.033083682985 1.985790210879932 0.017962620523648602 0.2964193832034449
4105.014400690963 2.111305155047321 0.017852808251862515 0.296433701054743
4111.995717698941 2.235062438657719 0.01746107573224537 0.296484061774492
4118.977034706919 2.355107765021546 0.016793608956796633 0.29656729686256733
4125.958351714897 2.4695454543285438 0.01586094813835558 0.29667816949176956
4132.939668722875 2.5765683790234566 0.014677821266231674 0.2968097039885736
4139.920985730852 2.674486500820546 0.013262911531119572 0.2969536247153073
4146.90230273883 2.7617535587184756 0.011638562291977367 0.2971008767410068
4153.883619746808 2.8369914865753265 0.009830424243844334 0.2972421955423664
4160.864936754786 2.8990121746568507 0.007867050358300688 0.2973686898914217
4167.846253762764 2.946836231513371 0.005779444993013224 0.2974724012569447
4174.827570770742 2.979708449909641 0.0036005742905435116 0.29754680452419857
4181.8088877787195 2.997109732579489 0.001364845597890756 0.2975872185297139
4188.790204786697 2.998765289481278 -0.0008924358725536032 0.2975911005818422
4195.771521794675 2.9846489771083133 -0.0031356245605732485 0.29755820643699976
4202.752838802653 2.9549837113305526 -0.005329297450251771 0.2974906056665227
4209.734155810631 2.910237947248283 -0.007438813447818732 0.29739255144730653
4216.715472818609 2.851118281645691 -0.009430860411876118 0.29727021296850065
4223.696789826587 2.7785582948616927 -0.011273981197650105 0.29713128729018107
4230.6781068345645 2.693703808280138 -0.012939070408310268 0.2969845150743413
4237.659423842542 2.5978947902437755 -0.01439983400897382 0.2968391306565218
4244.64074085052 2.4926441961223262 -0.015633204545461462 0.29670428105742247
4251.622057858498 2.3796140766789238 -0.016619705410933047 0.29658845048802573
4258.603374866476 2.2605893320164716 -0.01734375840813491 0.29649892655612226
4265.584691874454 2.137449525564984 -0.01779392975043056 0.2964413417584444
4272.566008882432 2.012139203205586 -0.01796311061692214 0.2964193191059324
4279.547325890409 1.8866371862327744 -0.017848629410450432 0.296434244178014
4286.528642898387 1.762925323061046 -0.017452293945766216 0.2964851779473482
4293.509959906365 1.6429571931291638 -0.01678036290166398 0.29656891585976447
4300.491276914343 1.5286272572101938 -0.015843446987887887 0.2966801894523168
4307.472593922321 1.4217409412860917 -0.014656341387519624 0.2968119978244291
4314.453910930299 1.323986126403355 -0.01323779212081192 0.29695604810726306
4321.4352279382765 1.2369064947238948 -0.011610200019902154 0.29710327721869007
4328.416544946254 1.1618771526734215 -0.009799266989050039 0.297244422077081
4335.397861954232 1.1000829161311545 -0.007833590136433779 0.2973706023982849
4342.37917896221 1.0524996005673972 -0.005744210186718499 0.29747387940848186
4349.360495970188 1.0198786115832803 -0.0035641213055798157 0.29754775532087824
4356.341812978166 1.0027350791891165 -0.0013277500767234181 0.2975875821511163
4363.323129986144 1.0013397231973342 0.0009295881409342244 0.2975908541503264
4370.3044469941215 1.0157145781865535 0.0031722468910607214 0.29755736545707606
4377.285764002099 1.0456326455454679 0.005364811526183444 0.29748922304936865
4384.267081010077 1.090621478091233 0.007472658453386419 0.2973907141818025
4391.248398018055 1.1499706406563392 0.009462501888174369 0.2972680366482286
4398.229715026033 1.2227429288311005 0.011302919482512951 0.2971289088407266
4405.211032034011 1.3077891687024814 0.012964848526659882 0.2969820841384705
4412.192349041989 1.403766363881153 0.014422044889081699 0.29683680017924113
4419.173666049966 1.5091589032504116 0.015651497447167505 0.29670219766327566
4426.154983057944 1.6223024945376154 0.016633791464312153 0.2965867452560492
4433.136300065922 1.7414104457643276 0.017353415175148 0.296497706772863
4440.1176170739 1.8646018795551365 0.017799004737525298 0.2964406841679089
4447.098934081878 1.9899314347626524 0.017963523683114574 0.29641926508115335
4454.080251089856 2.115419986379415 0.017844374032860707 0.2964347971180196
4461.0615680978335 2.2390858986273074 0.017443437322623753 0.29648630306330936
4468.042885105811 2.3589763176954706 0.01676704489115557 0.29657054236377195
4475.024202113789 2.47319800997161 0.015825877899605736 0.2966822150110802
4482.005519121767 2.579947258788865 0.014634798661385385 0.2968142949976892
4488.986836129745 2.677538347577731 0.013212615945921059 0.2969584723658351
4495.968153137723 2.764430179635139 0.01158178796247308 0.2971056760376771
4502.949470145701 2.839250614148142 0.009768067714310024 0.29724664453214583
4509.9307871536785 2.900818134173121 0.007800096323581679 0.29737250866122
4516.912104161656 2.948160504403513 0.0057089507488466895 0.2974753495446562
4523.893421169634 2.9805301240943827 0.003527653037413417 0.29754869683505614
4530.874738177612 2.9974158327001903 0.001290648862070422 0.29758793580689663
4537.85605518559 2.998550981798582 -0.000966736423175538 0.29759059769706664
4544.837372193568 2.983917645833497 -0.0032088556187305096 0.2975565150298153
4551.818689201546 2.953746905184205 -0.005400302597426142 0.297487832153674
4558.800006209523 2.9085151970902214 -0.007506471415669328 0.29738887032740824
4565.781323217501 2.8489367920559823 -0.009494102788599312 0.29726585584326337
4572.762640225479 2.775952514543146 -0.011331809299662468 0.297126528292936
4579.743957233457 2.6907148860661936 -0.012990571050827595 0.29697965362263923
4586.725274241435 2.594569925302173 -0.014444193926447236 0.29683447261394863
4593.706591249413 2.489035892615723 -0.015669723234152205 0.29670011948985464
4600.6879082573905 2.3757793146523905 -0.016647806190824115 0.2965850472250682
4607.669225265368 2.256588667604687 -0.017362997529496885 0.2964964957178107
4614.650542273346 2.133346134728085 -0.01780400340123646 0.2964400362836471
4621.631859281324 2.007997884094394 -0.017963859720454632 0.2964192211300337
4628.613176289302 1.8825233359374112 -0.017840042137340684 0.2964353598652752
4635.59449329728 1.7589039049014803 -0.01743450590079579 0.29648743710307696
4642.575810305258 1.6390917107955818 -0.016753654982379962 0.29657217634669114
4649.5571273132355 1.5249787519529185 -0.01580824094884661 0.2966842461333169
4656.538444321213 1.4183670279907947 -0.014613193180205677 0.29681659546895156
4663.519761329191 1.3209400837732492 -0.013187383114404191 0.2969608974494413
4670.501078337169 1.234236423936177 -0.011553326241523037 0.2971080731568223
4677.482395345147 1.1596252177959279 -0.009736826553408968 0.29724886286943986
4684.463712353125 1.0982846782940896 -0.00776656906336821 0.2973744086475302
4691.445029361103 1.0511834564044746 -0.005673666830592741 0.297476811640252
4698.42634636908 1.0190653448100566 -0.0034911696424228082 0.2975496290505835
4705.407663377058 1.0024375323997106 -0.0012535421130243794 0.2975882794909893
4712.388980385036 1.0015625950623097 0.0010038805599831024 0.2975903312264614
4719.370297393014 1.0164543492544873 0.0032454505866018188 0.29755565516980365
4726.351614400992 1.0468776338198993 0.005435770511791659 0.29748643300329547
4733.33293140897 1.0923520235053579 0.007540252189675101 0.29738701991574884
4740.3142484169475 1.1521594155323402 0.009525662977644062 0.2972636705910102
4747.295565424925 1.225355369421539 0.011360650525217085 0.29712414568764006
4754.276882432903 1.3107840209991195 0.013016237870513411 0.29697722356853584
4761.258199440881 1.4070963350721386 0.014466281026093796 0.2968321480005667
4768.239516448859 1.5127714085384294 0.015687881828262102 0.2966980465728042
4775.220833456837 1.6261404875257222 0.016661749530372798 0.2965833564242076
4782.202150464815 1.7454133192965442 0.017372505430091754 0.29649529341173747
4789.1834674727925 1.868706422786294 0.017808925720129425 0.29643939811677145
4796.16478448077 1.994072831344049 0.01796411872750136 0.2964191872533272
4803.146101488748 2.1195328379975686 0.017835633742465832 0.2964359324101281
4810.127418496726 2.243105257732727 0.017425499718580893 0.2964885800471995
4817.108735504704 2.36283871311325 0.016740193232754018 0.29657381778049563
4824.090052512682 2.4768424491980476 0.015790536211238985 0.2966862827841884
4831.07136952066 2.5833161911464737 0.014591525036626314 0.2968188991987584
4838.052686528637 2.680578573019113 0.013162093734461464 0.29696332331648645
4845.034003536615 2.7670936888444606 0.011524814979097879 0.2971104685350099
4852.015320544593 2.841495346673859 0.009705543640311159 0.29725107705091425
4858.996637552571 2.9026086426200104 0.007733008499560611 0.29737630232462636
4865.977954560549 2.9494685141954977 0.005638358583256568 0.29747826567019076
4872.959271568527 2.981334979968744 0.0034546712770513457 0.2975505519514705
4879.9405885765045 2.9977048248824 0.001216429988701631 0.29758861319749935
4886.921905584482 2.998319546707018 -0.0010410203920802573 0.29759005474308176
4893.90322259246 2.9831694381446368 -0.0032820316377528648 0.2975547858917907
4900.884539600438 2.9524937401202873 -0.005471215117191098 0.2974850256222323
4907.865856608416 2.9067768638407343 -0.007574000630549422 0.2973851629785647
4914.847173616394 2.8467407412793095 -0.009557182319976331 0.29726148092895216
4921.828490624372 2.773333424883144 -0.011389443035503618 0.2971217610657069
4928.8098076323495 2.6877141165289986 -0.013041848875656221 0.2969747940178418
4935.791124640327 2.591234862140954 -0.014488306093310366 0.29682982637896843
4942.772441648305 2.485419201036967 -0.015705973151631896 0.2966959789476806
4949.753758656283 2.371938107160294 -0.01667562142316821 0.2965816728824694
4956.735075664261 2.2525836021166414 -0.01738193883616209 0.29649409987526665
4963.716392672239 2.1292404567032386 -0.017813771673096973 0.296438769678229
4970.697709680217 2.0038564278013924 -0.01796430070314414 0.2964191634516158
4977.679026688194 1.8784115006326643 -0.017831148867139678 0.29643651474275867
4984.660343696172 1.7548866220855006 -0.017416418814598218 0.2964897318760736
4991.64166070415 1.635232418855827 -0.016726659700002686 0.2965754666370316
4998.622977712128 1.5213383943849301 -0.015772763762702046 0.2966883249287621
5005.604294720106 1.415003091017092 -0.014569794323561841 0.2968212061475959
5012.585611728084 1.3179056885572895 -0.013136747914535538 0.2969657499253618
5019.5669287360615 1.2315794877265651 -0.011496254297455925 0.29711286213115445
5026.548245744039 1.157387697247556 -0.009674219109159946 0.29725328703859144
5033.529562752017 1.096501906915201 -0.007699414776068959 0.2973781896600284
5040.510879759995 1.0498835865922649 -0.005603026158242432 0.2974797116095331
5047.492196767973 1.0182689032858367 -0.0034181580978065998 0.2975514655218875
5054.473513775951 1.0021570960639168 -0.0011793126482415907 0.2975889369207025
5061.454830783929 1.0018025923880522 0.0010781557602087734 0.2975897682516695
5068.4361477919065 1.0172109903559063 0.003318598615321509 0.2975539072106856
5075.417464799884 1.0481389702996433 0.005506636261635476 0.2974836100346236
5082.398781807862 1.094098137136112 0.007607716593576575 0.2973832995477049
5089.38009881584 1.1543627327928652 0.009588660680438931 0.2972592868946453
5096.361415823818 1.2279810969202642 0.011418186707057729 0.29711937446803693
5103.342732831796 1.313790694909361 0.013067403956434203 0.29697236501222857
5110.324049839774 1.4104364759026047 0.014510269033651872 0.29682750778897404
5117.305366847751 1.5163922708992952 0.015723997126684677 0.29669391664994704
5124.286683855729 1.6299848930504397 0.01668942180972666 0.296579996628729
5131.268000863707 1.7494205595664152 0.017391297707256746 0.2964929151288689
5138.249317871685 1.8728132179993926 0.01781854123935928 0.29643815097879767
5145.230634879663 1.9982143295897998 0.017964405646602618 0.29641914972530675
5152.211951887641 2.1236436393570703 0.017826587530593657 0.29643710685317776
5159.1932688956185 2.2471204470328763 0.017407263227787295 0.2964908925699419
5166.174585903596 2.3666948850260656 0.016713054442158672 0.29657712288801646
5173.155902911574 2.4804787094974783 0.015754923679445254 0.2966903725320096
5180.137219919552 2.586675118311472 0.014548001134195038 0.2968235162758933
5187.11853692753 2.68360712499795 0.013111345763311025 0.29696817723444446
5194.099853935508 2.7697440406612333 0.01146764431906734 0.297115253904199
5201.081170943486 2.843725645650239 0.009642853094277077 0.29725549279456365
5208.0624879514635 2.9043836692862484 0.007665788036945459 0.2973800706213628
5215.043804959441 2.9507602384539986 0.005567669707058217 0.29748114943347675
5222.025121967419 2.9821230037276245 0.003381630261259613 0.297552369746164
5229.006438975397 2.9979767041692464 0.0011421902508059873 0.29758925065504604
5235.987755983375 2.9980709881762206 -0.0011152865051296179 0.29758947175713835
5242.969072991353 2.982404366875187 -0.0033551513625060154 0.29755301914155957
5249.950389999331 2.951224237633414 -0.00554203379323647 0.29748218626474926
5256.931707007308 2.905022977316168 -0.007641399934180172 0.29738142965513154
5263.913024015286 2.8445301669829095 -0.009620097924050467 0.2972570885257226
5270.894341023264 2.7707010708049973 -0.011446881416624553 0.29711698593556557
5277.875658031242 2.684701551138538 -0.013092903003265391 0.2969699365933588
5284.85697503922 2.5878896579639976 -0.0145321697529397 0.29682519227035237
5291.838292047198 2.4817941834205017 -0.015741953676132393 0.2966918597149766
5298.8196090551755 2.3680905200880344 -0.01670315063087113 0.2965783276917378
5305.800926063153 2.248574204248271 -0.017400582003244222 0.2964917391928649
5312.782243071131 2.1251325619121126 -0.017823234398464102 0.2964375420290893
5319.763560079109 1.9997149053619263 -0.01796443355742678 0.2964191460746351
5326.744877087087 1.8743017508458115 -0.01782194975238709 0.29643770873122893
5333.726194095065 1.7508735435185956 -0.017398032997407917 0.29649206210889567
5340.707511103043 1.6313793835054868 -0.016699377517562283 0.2965787865050419
5347.6888281110205 1.5177062469465972 -0.015737016037968156 0.2966924255588099
5354.670145118998 1.4116491880641147 -0.014526145561976648 0.2968258295440273
5361.651462126976 1.3148829928022203 -0.01308588738971415 0.2969706052021005
5368.632779134954 1.2289357316675278 -0.011438985166613734 0.2971176438131192
5375.614096142932 1.1551646294068483 -0.009611445730162243 0.29725769428099724
5382.59541315091 1.0947346325730538 -0.007632128426383947 0.29738194517636724
5389.576730158888 1.0486000134264784 -0.005532289381314887 0.29748257911736015
5396.558047166865 1.0174893006713968 -0.003345087924044334 0.29755326460879095
5403.539364174843 1.0018937749918548 -0.0011050629555782881 0.297589554395149
5410.520681182821 1.002059711058067 0.0011524124676235302 0.2975891652645746
5417.501998190799 1.0179844885127063 0.0033916897225656226 0.29755212169964596
5424.483315198777 1.0494166333499286 0.005577407560206967 0.29748075433703175
5431.464632206755 1.0958597890336998 0.00767505050792368 0.29737955333291877
5438.4459492147325 1.1565805546460408 0.009651493916005838 0.29725488585989224
5445.42726622271 1.230620066290111 0.011475527041159178 0.29711459550926345
5452.408583230688 1.3168091388619476 0.013118345906808103 0.29696750880288686
5459.389900238666 1.413786729081581 0.014554008157262047 0.2968228798628211
5466.371217246644 1.5200214282270295 0.015759842722976116 0.29668980817805146
5473.352534254622 1.6338356451715172 0.01671680782773149 0.296576666100123
5480.3338512626 1.7534320978407052 0.017409791684312843 0.29649057208742624
5487.3151682705775 1.876922194753604 0.01782785113028689 0.2964369428395502
5494.296485278555 2.002355858463841 0.01796438443549699 0.2964191524996651
5501.277802286533 2.1277523199483768 0.01781723555240714 0.2964383203665901
5508.259119294511 2.2511313976581735 0.017388728163040004 0.296493240472876
5515.240436302489 2.3705447672918436 0.016685628984861173 0.29658045745957434
5522.221753310467 2.48410672849981 0.015719040915060017 0.2966944839739505
5529.203070318445 2.5900239826706577 0.014504227700624941 0.2968281459123214
5536.184387326422 2.686623951567721 0.01306037290291225 0.2969730337866868
5543.1657043344 2.772381189625925 0.011410276962987612 0.29712003181692487
5550.147021342378 2.8459414728226062 0.009579997151492468 0.2972598914601339
5557.128338350356 2.906143183726111 0.007598436088719233 0.29738381329289054
5564.109655358334 2.9520356550230216 0.005496885332725791 0.2974840006366626
5571.090972366312 2.9828941818546353 0.0033085312428568913 0.29755415009442054
5578.0722893742895 2.9982314658973865 0.0010679309217629575 0.2975898481358025
5585.053606382267 2.9978053104695332 -0.0011895334884917637 0.2975888487792355
5592.034923390245 2.981622445147853 -0.003428213538821264 0.2975512149003378
5599.016240398223 2.949938419498428 -0.005612757410861758 0.2974793142760314
5605.997557406201 2.903253567599648 -0.007708668170511059 0.29737767061324943
5612.978874414179 2.842305107083136 -0.009682848521676803 0.29725267893493446
5619.960191422157 2.7680554974595384 -0.01150412345782713 0.29711220323013066
5626.9415084301345 2.6816772415671273 -0.01314373255796136 0.2969650816824544
5633.922825438112 2.5845343701491252 -0.014575784152974287 0.29682057060604305
5640.90414244609 2.478160901943583 -0.015777664190506347 0.2966877620743601
5647.885459454068 2.3642366194304376 -0.016730393341744722 0.2965750118823848
5654.866776462046 2.244560542769822 -0.01741892671097084 0.296489413832571
5661.848093470024 2.1210225208143996 -0.01783239141503076 0.2964363534204575
5668.829410478002 1.9955733878124795 -0.017964258281023868 0.296419169000286
5675.810727485979 1.8701941570683642 -0.01781244495086862 0.29643894174877
5682.792044493957 1.7468647380341455 -0.017379348764583327 0.29649442764167067
5689.773361501935 1.627532670832838 -0.01667180890301 0.29658213572295244
5696.754678509913 1.5140823719374674 -0.01570099838779941 0.29669654774212395
5703.735995517891 1.4083053766588864 -0.014482247644125232 0.2968304653410435
5710.717312525869 1.3118720483541122 -0.013034802412313225 0.29697546294654614
5717.6986295338465 1.2263052011054623 -0.011381519831291756 0.2971224178746546
5724.679946541824 1.152956052404445 -0.009548507493121456 0.29726208429428513
5731.661263549802 1.092982885580398 -0.007564711168426423 0.2973856749388888
5738.64258055778 1.0473327589232955 -0.005461457713105981 0.2974854139670001
5745.623897565758 1.0167265503386818 -0.003271960374454913 0.2975550261878634
5752.605214573736 1.0016475737000727 -0.0010307943085847817 0.29759013187196737
5759.586531581714 1.0023339466621826 0.0012266494085567535 0.2975885223065491
5766.5678485896915 1.018774830457639 0.0034647226546562298 0.29755029875918876
5773.549165597669 1.0507106010559375 0.0056480831936181804 0.29747786610644844
5780.530482605647 1.0976369489817992 0.007742252777787394 0.2973757815284162
5787.511799613625 1.1588128430511984 0.009714161606612598 0.297250467788703
5794.493116621603 1.233272232266778 0.011532670544004954 0.2971098091392003
5801.474433629581 1.3198393010837308 0.013169062847865405 0.2969626552736916
5808.455750637559 1.4171470371446402 0.014597497646699405 0.29681826453962634
5815.437067645536 1.523658818273367 0.015795418002303364 0.29668572143899696
5822.418384653514 1.6376926778398377 0.016743907114655163 0.2965733650668955
5829.399701661492 1.7574478653124515 0.017427987044046557 0.29648826444816534
5836.38101866947 1.881033282570675 0.017836855233226635 0.2964357737819203
5843.362335677448 2.0064973469295766 0.01796405509454836 0.29641919557621416
5850.343652685426 2.1318588092983157 0.01780757796831394 0.29643957286710965
5857.324969693404 2.2551380408117376 0.017369894842257386 0.2964956235949168
5864.306286701381 2.3743882938763896 0.016657917331270228 0.2965838212663898
5871.287603709359 2.4877264439763067 0.015682888533553936 0.2966986168279315
5878.268920717337 2.593362726783429 0.01446020548672952 0.29683278779041
5885.250237725315 2.6896290009830235 0.0130091760275651 0.29697789264001273
5892.231554733293 2.775005090505463 0.01135271389483873 0.29712480194538193
5899.212871741271 2.84814279018451 0.009516976890079042 0.297264272745839
5906.1941887492485 2.9078871557599437 0.00753095381012031 0.29738753008243035
5913.175505757226 2.9532947420262863 0.005426006674371541 0.2974868190841312
5920.156822765204 2.983648501122326 0.003235375475656812 0.29755589287409273
5927.138139773182 2.9984691056970805 0.000993653275288126 0.29759040559877675
5934.11945678116 2.9975225181439296 -0.0012637600686628671 0.29758818585211483
5941.100773789138 2.980823686374362 -0.003501216913516904 0.29754937329191183
5948.082090797116 2.9486363077700193 -0.0056833847569968295 0.2974764098531217
5955.063407805093 2.9014686650405546 -0.007775804185739559 0.2973738861108208
5962.044724813071 2.8400655997448028 -0.009745433036540537 0.2972482524591238
5969.026041821049 2.765396750224337 -0.011561168177280756 0.2971074132775363
5976.007358829027 2.67864123968852 -0.013194336667902193 0.29696022961821733
5982.988675837005 2.581169056247117 -0.014619148545328432 0.29681596170312624
5989.969992844983 2.4745194189252104 -0.015813104082237597 0.29668368630696457
5996.951309852961 2.360376471290621 -0.016757349088514832 0.29657172568190326
6003.932626860938 2.2405426865246714 -0.017436972644688676 0.29648712395392446
6010.913943868916 2.116910403906604 -0.017841242565733374 0.2964352039338819
6017.895260876894 1.9914319461894487 -0.01796377487694177 0.29641923222699484
6024.876577884872 1.8660887897548493 -0.0178026346256131 0.2964402137107851
6031.85789489285 1.742860274392235 -0.017360366436601295 0.2964968283121019
6038.839211900828 1.6236923468177067 -0.01664395432920993 0.29658551406097655
6045.8205289088055 1.5104668315151977 -0.015664711429979966 0.296700691195885
6052.801845916783 1.4049717141553404 -0.014438101322956169 0.2968351132205867
6059.783162924761 1.3088729068574767 -0.012983493858555666 0.2969803228254132
6066.764479932739 1.223687941159921 -0.01132385927715047 0.29712718398821636
6073.745796940717 1.1507620041224418 -0.00948540547757072 0.2972664567772599
6080.727113948695 1.0912466959836609 -0.007497164158554871 0.2973893786916967
6087.708430956673 1.0460818448190006 -0.005390532368539067 0.29748821596395586
6094.68974796465 1.0159806653705878 -0.0031987767033412554 0.2975567501382438
6101.671064972628 1.0014184964114818 -0.0009565079811363981 0.29759066931153644
6108.652381980606 1.0026252944966398 0.0013008653096769427 0.2975878394217045
6115.633698988584 1.0195820026345537 0.0035376961589133017 0.2975484385143825
6122.615015996562 1.052020851223198 0.005718661949622089 0.29747494554103043
6129.59633300454 1.0994295864980979 0.007809322250496733 0.297371984392975
6136.577650012518 1.1610595597195423 0.009776662677366516 0.2972460329841953
6143.558967020495 1.2359375493596185 0.011589616235454674 0.2971050156862338
6150.540284028473 1.3228811296005722 0.0132195539096958 0.296957804757637
6157.521601036451 1.4205173424548951 0.014640736756020784 0.296813662136041
6164.502918044429 1.5273043786488387 0.015830722354469876 0.29668165671316926
6171.484235052407 1.641555924898564 0.016770719205683574 0.2965700937555259
6178.465552060385 1.7614677931021552 0.01744588347436628 0.2964859923694098
6185.4468690683625 1.8851464109361478 0.017845553393737758 0.2964346438861154
6192.42818607634 2.0106387239511094 0.017963417629405662 0.2964192789519982
6199.409503084318 2.135963036971303 0.017797614943963466 0.29644086426880356
6206.390820092296 2.2591403077705725 0.017350763588473497 0.2964980417725613
6213.372137100274 2.3782253988545263 0.016629919956703397 0.29658721407767624
6220.353454108252 2.491337793840658 0.015646467155022152 0.29670277081040286
6227.33477111623 2.59669129338277 0.014415935247589344 0.29683744159168585
6234.316088124207 2.6926222217004616 0.012957756015411824 0.29698275346106273
6241.297405132185 2.777615698294012 0.011294956101957555 0.29712956396229845
6248.278722140163 2.8503295599783787 0.009453793390976876 0.29726863635108514
6255.260039148141 2.9096155554746814 0.007463342358622458 0.2973912207349783
6262.241356156119 2.9545374778676026 0.00535503494772483 0.2974896045825129
6269.222673164097 2.984385948592415 0.003162164214446307 0.2975575979656111
6276.203990172075 2.998689619492268 0.0009193585854111908 0.2975909230057217
6283.185307180052 2.997222616049938 -0.001337964972489133 0.29758748302125904
6290.16662418803 2.9800081042552344 -0.0035741602344198826 0.2975474944426325
6297.147941196008 2.9473179247823516 -0.0057539146202229 0.2974734731952896
6304.129258203986 2.8996683002540062 -0.007842806828331113 0.29737007640749624
6311.110575211964 2.837811683380527 -0.009807850395175646 0.2972438094019856
6318.091892219942 2.762724874702924 -0.011618014596539435 0.2971026164064159
6325.0732092279195 2.6755935975770178 -0.01324471446511292 0.2969553807335419
6332.054526235897 2.5777937739807197 -0.014662262186204696 0.29681136587781326
6339.035843243875 2.4708697968250575 -0.015848272743451814 0.29667963269242337
6346.017160251853 2.3565101418788585 -0.016784017408829403 0.29656846931575515
6352.998477259831 2.236520704428146 -0.01745471949486913 0.296484869714031
6359.979794267809 2.1127962817208363 -0.01784978769875467 0.2964340936482273
6366.961111275787 1.987290651527929 -0.01796298335347195 0.2964193357504235
6373.9424282837645 1.8619857193216054 -0.017792518944889802 0.2964415245300067
6380.923745291742 1.738860221278477 -0.017341086339051695 0.2964992639554819
6387.90506229972 1.6198584773303402 -0.01661581427393103 0.29658892128733033
6394.886379307698 1.5068596876944877 -0.015628155786913255 0.2967048556358156
6401.867696315676 1.4016482577333325 -0.01439370735567876 0.29683977286377133
6408.849013323654 1.3058856197543778 -0.012931962608499277 0.2969851845052711
6415.830330331632 1.221083996722835 -0.01126600449319886 0.2971319418268073
6422.811647339609 1.1485825221937314 -0.00942214076585239 0.29727081142993084
6429.792964347587 1.0895260935624231 -0.007429488555353355 0.2973930561806809
6436.774281355565 1.044847292569602 -0.005319514564144292 0.2974909849159854
6443.755598363543 1.015251658560731 -0.003125538165968918 0.2975584363416535
6450.736915371521 1.0012065470552771 -0.0008822052474117465 0.2975911666769824
6457.718232379499 1.0029337495641653 0.0013750588980134572 0.2975871166568922
6464.6995493874765 1.0204059911986223 0.0036106089836761127 0.2975465410928556
6471.680866395454 1.0533473613779563 0.005789142617633317 0.2974719928411534
6478.662183403432 1.1012376708348073 0.007876257775658464 0.29736816218711104
6485.64350041141 1.1633206661147997 0.00983899605623279 0.29724158175063425
6492.624817419388 1.238615971852416 0.011646363138760862 0.29710021547923554
6499.606134427366 1.3259345722382332 0.013269818226263311 0.29695295758750917
6506.587451435344 1.4238975872039874 0.014683724743577597 0.29680907296782844
6513.5687684433215 1.5309580468238382 0.015865755173926094 0.29667761427944245
6520.550085451299 1.6454253200842708 0.01679724364092866 0.29656685239045283
6527.531402459277 1.7654918122589618 0.017463480668307704 0.29648375600704274
6534.512719467255 1.889261509300566 0.017853945462627082 0.29643355322965437
6541.494036475233 2.014779918494454 0.017962472051002817 0.29641940262129535
6548.475353483211 2.140064932570549 0.01778734665024408 0.29644219448306874
6555.456670491189 2.263138129886745 0.017331334729832584 0.2965004948398997
6562.437987499166 2.382056016411221 0.016601637341378955 0.2965906356606556
6569.419304507144 2.4949407161500408 0.015609777404173672 0.29670694563636313
6576.400621515122 2.600009625376231 0.014371417742539146 0.29684210699685587
6583.3819385231 2.695603562379525 0.012906113748421936 0.29698761591633993
6590.363255531078 2.780212968213738 0.011237004575020883 0.297134317540956
6597.344572539056 2.852501744696159 0.00939044773792591 0.29727298197648866
6604.3258895470335 2.9113283532243552 0.007395602893915023 0.2973948849973215
6611.307206555011 2.955763841231237 0.005283971370111332 0.2974923569406967
6618.288523562989 2.9851065116160074 0.0030888987149641405 0.29755926525199006
6625.269840570967 2.9988930035006365 0.0008450481264541748 0.2975914003211378
6632.251157578945 2.996905609331556 -0.0014121469271885677 0.29758674033488725
6639.232474586923 2.979175712779546 -0.003647042250387203 0.29754557848140356
6646.213791594901 2.9459832931486725 -0.0058243457907932224 0.2974705045040134
6653.1951086028785 2.897852504120329 -0.007909674949038784 0.29736624176465265
6660.176425610856 2.835543396650072 -0.009870099526983174 0.29723935006835067
6667.157742618834 2.760039916724007 -0.011674661740558421 0.29709781294587445
6674.139059626812 2.6725343675065756 -0.013294865085500292 0.29695053536110194
6681.12037663479 2.5744085812436603 -0.014705124336106545 0.2968067834454161
6688.101693642768 2.4672120982423986 -0.015883169570926843 0.2966756015088481
6695.083010650746 2.3526376975114474 -0.016810397845266358 0.2965652430073542
6702.064327658723 2.2324946654663367 -0.01747216695711351 0.29648265126754897
6709.045644666701 2.1086802248235994 -0.017858026667526235 0.2964330226396671
6716.026961674679 1.9831495748604935 -0.01796188372419078 0.29641947956346765
6723.008278682657 1.8578850161455749 -0.017782098082205485 0.2964428741164991
6729.989595690635 1.734864647302833 -0.017321508802631773 0.29650173440470273
6736.970912698613 1.6160311281302748 -0.016587389219838884 0.29659235716824706
6743.9522297065905 1.503261002346016 -0.015591332085611233 0.29670904077619775
6750.933546714568 1.39833506439766 -0.014349066503749959 0.2968444439509043
6757.914863722546 1.3029102382835482 -0.01288020954602156 0.29699004765256554
6764.896180730524 1.2184934124577438 -0.011207956471777344 0.2971366910639971
6771.877497738502 1.1464176440013607 -0.009358714443099391 0.29727514795353
6778.85881474648 1.0878211078289095 -0.007361685519611575 0.29739670715353306
6785.840131754458 1.0436291233504644 -0.005248405518037673 0.29749372063311413
6792.8214487624355 1.0145395424132277 -0.003052246018544518 0.29756008468240386
6799.802765770413 1.0010117292668699 -0.0008078873818708218 0.2975916239341813
6806.784082778391 1.003259306574057 0.0014492289009783912 0.2975863540616998
6813.765399786369 1.0212467820165767 0.0036834598783247498 0.29754460662478777
6820.746716794347 1.0546901087675618 0.0058595239887489405 0.2974690082093982
6827.728033802325 1.1030611709791904 0.007943058205176885 0.2973643151730611
6834.709350810303 1.1655961234538796 0.009901160674052938 0.2972371143934136
6841.69066781828 1.2413074538041635 0.011702910280585729 0.2970954088475419
6848.671984826258 1.3289995766232618 0.013319854935421179 0.2969481140958671
6855.653301834236 1.4272877134130686 0.014726460872028594 0.2968044973498468
6862.634618842214 1.5346197601296867 0.015900515859779907 0.2966735944151636
6869.615935850192 1.6493007970280724 0.01682347996543635 0.29656364119406353
6876.59725285817 1.769519853761835 0.017480778324039145 0.2964815555144988
6883.5785698661475 1.89337850708068 0.017862031295951656 0.29643250188736675
6890.559886874125 2.0189208595287527 0.017961218375558655 0.29641956657562146
6897.541203882103 2.1441644257392616 0.01777677326328027 0.2964435634186415
6904.522520890081 2.2671314385885593 0.017311608599583545 0.2965029826286305
6911.503837898059 2.385880080842716 0.016573069970407767 0.29659408578057783
6918.485154906037 2.4985351491061865 0.015572819910320756 0.29671114101938356
6925.466471914015 2.6033176658469106 0.014326653735154876 0.29684678368583317
6932.4477889219925 2.698572971883477 0.012854250112377178 0.2969924796722384
6939.42910592997 2.7827968557155884 0.011178860308028539 0.2971390623552189
6946.410422937948 2.8546593070799715 0.009326941017447425 0.29727730932390317
6953.391739945926 2.913025519630611 0.0073277365778830926 0.297398522618061
6960.373056953904 2.956973811082284 0.005212817160432186 0.29749507596984753
6967.354373961882 2.9858101778338186 0.0030155802338793884 0.2975608946188399
